Determining if the pthread_create exist failed with the following output:
Change Dir: /usr/local/catkin_ws/build/jpeg-streamer/CMakeFiles/CMakeTmp

Run Build Command:"/usr/bin/make" "cmTC_3040f/fast"
/usr/bin/make -f CMakeFiles/cmTC_3040f.dir/build.make CMakeFiles/cmTC_3040f.dir/build
make[1]: Entering directory '/usr/local/catkin_ws/build/jpeg-streamer/CMakeFiles/CMakeTmp'
Building C object CMakeFiles/cmTC_3040f.dir/CheckSymbolExists.c.o
/usr/bin/cc    -o CMakeFiles/cmTC_3040f.dir/CheckSymbolExists.c.o   -c /usr/local/catkin_ws/build/jpeg-streamer/CMakeFiles/CMakeTmp/CheckSymbolExists.c
Linking C executable cmTC_3040f
/usr/bin/cmake -E cmake_link_script CMakeFiles/cmTC_3040f.dir/link.txt --verbose=1
/usr/bin/cc      -rdynamic CMakeFiles/cmTC_3040f.dir/CheckSymbolExists.c.o  -o cmTC_3040f 
CMakeFiles/cmTC_3040f.dir/CheckSymbolExists.c.o: In function `main':
CheckSymbolExists.c:(.text+0x1b): undefined reference to `pthread_create'
collect2: error: ld returned 1 exit status
CMakeFiles/cmTC_3040f.dir/build.make:97: recipe for target 'cmTC_3040f' failed
make[1]: *** [cmTC_3040f] Error 1
make[1]: Leaving directory '/usr/local/catkin_ws/build/jpeg-streamer/CMakeFiles/CMakeTmp'
Makefile:126: recipe for target 'cmTC_3040f/fast' failed
make: *** [cmTC_3040f/fast] Error 2

File /usr/local/catkin_ws/build/jpeg-streamer/CMakeFiles/CMakeTmp/CheckSymbolExists.c:
/* */
#include <pthread.h>

int main(int argc, char** argv)
{
  (void)argv;
#ifndef pthread_create
  return ((int*)(&pthread_create))[argc];
#else
  (void)argc;
  return 0;
#endif
}

Determining if the function pthread_create exists in the pthreads failed with the following output:
Change Dir: /usr/local/catkin_ws/build/jpeg-streamer/CMakeFiles/CMakeTmp

Run Build Command:"/usr/bin/make" "cmTC_6acce/fast"
/usr/bin/make -f CMakeFiles/cmTC_6acce.dir/build.make CMakeFiles/cmTC_6acce.dir/build
make[1]: Entering directory '/usr/local/catkin_ws/build/jpeg-streamer/CMakeFiles/CMakeTmp'
Building C object CMakeFiles/cmTC_6acce.dir/CheckFunctionExists.c.o
/usr/bin/cc   -DCHECK_FUNCTION_EXISTS=pthread_create   -o CMakeFiles/cmTC_6acce.dir/CheckFunctionExists.c.o   -c /usr/share/cmake-3.10/Modules/CheckFunctionExists.c
Linking C executable cmTC_6acce
/usr/bin/cmake -E cmake_link_script CMakeFiles/cmTC_6acce.dir/link.txt --verbose=1
/usr/bin/cc  -DCHECK_FUNCTION_EXISTS=pthread_create    -rdynamic CMakeFiles/cmTC_6acce.dir/CheckFunctionExists.c.o  -o cmTC_6acce -lpthreads 
/usr/bin/ld: cannot find -lpthreads
collect2: error: ld returned 1 exit status
CMakeFiles/cmTC_6acce.dir/build.make:97: recipe for target 'cmTC_6acce' failed
make[1]: *** [cmTC_6acce] Error 1
make[1]: Leaving directory '/usr/local/catkin_ws/build/jpeg-streamer/CMakeFiles/CMakeTmp'
Makefile:126: recipe for target 'cmTC_6acce/fast' failed
make: *** [cmTC_6acce/fast] Error 2


